<?xml version="1.0" encoding="UTF-8" standalone="yes"?>
<testsuites name="front_suite" time="10" tests="1" failures="0" errors="0">
    <testsuite name="front_suite" tests="1" failures="0" errors="0" time="10" timestamp="2019-09-21 17:10:57" hostname="deCasa - host.docker.internal" id="Test Suites/front_suite">
        <properties>
            <property name="deviceName" value=""/>
            <property name="devicePlatform" value=""/>
            <property name="logFolder" value="C:\\Users\\elmat\\Documents\\ingesoFront\\test\\Reports\\20190921_171055\\front_suite\\20190921_171055"/>
            <property name="logFiles" value="C:\\Users\\elmat\\Documents\\ingesoFront\\test\\Reports\\20190921_171055\\front_suite\\20190921_171055\\execution0.log"/>
            <property name="attachments" value=""/>
            <property name="hostName" value="deCasa - host.docker.internal"/>
            <property name="os" value="Windows 10 64bit"/>
            <property name="katalonVersion" value="6.3.3.11"/>
            <property name="browser" value="Chrome 77.0.3865.90"/>
            <property name="hostAddress" value="192.168.0.15"/>
            <property name="sessionId" value="6569f2f4e15b74c5ce59e092df3dab4b"/>
            <property name="seleniumVersion" value="3.141.59"/>
            <property name="proxyInformation" value="ProxyInformation{proxyOption=NO_PROXY, proxyServerType=HTTP, password=, proxyServerAddress=, proxyServerPort=0}"/>
            <property name="platform" value="Windows 10"/>
        </properties>
        <testcase name="Test Cases/TestA" classname="Test Cases/TestA" status="PASSED">
            <system-out>2019-09-21 17:10:57 - [TEST_CASE][PASSED] - Test Cases/TestA: Test Cases/TestA&#xD;
&#xD;
2019-09-21 17:10:58 - [TEST_STEP][PASSED] - openBrowser(""): Browser is opened with url: ''&#xD;
&#xD;
2019-09-21 17:10:58 - [MESSAGE][INFO] - Starting 'Chrome (headless)' driver&#xD;
&#xD;
2019-09-21 17:10:58 - [MESSAGE][INFO] - User set preference: ['args', '[--window-size=1024,768, --disable-dev-shm-usage, --no-sandbox]']&#xD;
&#xD;
2019-09-21 17:10:58 - [MESSAGE][INFO] - Action delay is set to 0 seconds&#xD;
&#xD;
2019-09-21 17:11:04 - [MESSAGE][PASSED] - Browser is opened with url: ''&#xD;
&#xD;
2019-09-21 17:11:04 - [TEST_STEP][PASSED] - navigateToUrl("http://192.241.158.156/#/"): Navigate to 'http://192.241.158.156/#/' successfully&#xD;
&#xD;
2019-09-21 17:11:06 - [MESSAGE][PASSED] - Navigate to 'http://192.241.158.156/#/' successfully&#xD;
&#xD;
2019-09-21 17:11:06 - [TEST_STEP][PASSED] - click(findTestObject("Page_front/form_carrera")): Object: 'Object Repository/Page_front/form_carrera' is clicked on&#xD;
&#xD;
2019-09-21 17:11:06 - [MESSAGE][PASSED] - Object: 'Object Repository/Page_front/form_carrera' is clicked on&#xD;
&#xD;
2019-09-21 17:11:06 - [TEST_STEP][PASSED] - setText(findTestObject("Page_front/input_Nombre completo_input-1"), "Pedro Perez"): Text 'Pedro Perez' is set on object 'Object Repository/Page_front/input_Nombre completo_input-1'&#xD;
&#xD;
2019-09-21 17:11:06 - [MESSAGE][PASSED] - Text 'Pedro Perez' is set on object 'Object Repository/Page_front/input_Nombre completo_input-1'&#xD;
&#xD;
2019-09-21 17:11:06 - [TEST_STEP][PASSED] - setText(findTestObject("Page_front/input_RUT_input-2"), "12.231.123-2"): Text '12.231.123-2' is set on object 'Object Repository/Page_front/input_RUT_input-2'&#xD;
&#xD;
2019-09-21 17:11:06 - [MESSAGE][PASSED] - Text '12.231.123-2' is set on object 'Object Repository/Page_front/input_RUT_input-2'&#xD;
&#xD;
2019-09-21 17:11:06 - [TEST_STEP][PASSED] - setText(findTestObject("Page_front/input_Fecha de nacimiento_input-3"), "12/02/1990"): Text '12/02/1990' is set on object 'Object Repository/Page_front/input_Fecha de nacimiento_input-3'&#xD;
&#xD;
2019-09-21 17:11:06 - [MESSAGE][PASSED] - Text '12/02/1990' is set on object 'Object Repository/Page_front/input_Fecha de nacimiento_input-3'&#xD;
&#xD;
2019-09-21 17:11:06 - [TEST_STEP][PASSED] - selectOptionByValue(findTestObject("Object Repository/Page_front/select_carrera"), "Ingenieria Civil en Obras Civiles", true): All options with value 'Ingenieria Civil en Obras Civiles' are selected in object 'Object Repository/Page_front/select_carrera'  using regular expression&#xD;
&#xD;
2019-09-21 17:11:07 - [MESSAGE][PASSED] - All options with value 'Ingenieria Civil en Obras Civiles' are selected in object 'Object Repository/Page_front/select_carrera'  using regular expression&#xD;
&#xD;
2019-09-21 17:11:07 - [TEST_STEP][PASSED] - click(findTestObject("Object Repository/Page_front/button_Registrar")): Object: 'Object Repository/Page_front/button_Registrar' is clicked on&#xD;
&#xD;
2019-09-21 17:11:07 - [MESSAGE][PASSED] - Object: 'Object Repository/Page_front/button_Registrar' is clicked on&#xD;
&#xD;
2019-09-21 17:11:07 - [TEST_STEP][PASSED] - closeBrowser(): Browser is closed&#xD;
&#xD;
2019-09-21 17:11:07 - [MESSAGE][PASSED] - Browser is closed</system-out>
            <system-err></system-err>
        </testcase>
        <system-out>2019-09-21 17:10:57 - [TEST_SUITE][INCOMPLETE] - front_suite: null</system-out>
        <system-err>2019-09-21 17:10:57 - [TEST_SUITE][INCOMPLETE] - front_suite: null</system-err>
    </testsuite>
</testsuites>
